<?xml version="1.0" encoding="UTF-8"?>
<!-- Generated by org.testng.reporters.JUnitReportReporter -->
<testsuite hostname="user-Latitude-5430" failures="0" tests="1" name="crmtest.Maintest" time="4.579" errors="0" timestamp="2024-02-08T20:22:19 IST" skipped="0">
  <testcase classname="crmtest.Maintest" name="test" time="4.579"/>
  <system-out/>
</testsuite> <!-- crmtest.Maintest -->
